
=== pytest grafik-optimizer (python:3.12-slim, ortools 9.11.4210, 2026-07-14) ===
============================= test session starts ==============================
platform linux -- Python 3.12.13, pytest-8.3.4, pluggy-1.6.0 -- /usr/local/bin/python
cachedir: .pytest_cache
rootdir: /app
plugins: anyio-4.14.2
collecting ... collected 22 items

tests/test_contract_preferences.py::test_old_problem_without_preferences_or_p_still_parses PASSED [  4%]
tests/test_contract_preferences.py::test_old_result_without_preferences_honored_pct_still_parses PASSED [  9%]
tests/test_contract_preferences.py::test_new_problem_with_preferences_and_p_parses PASSED [ 13%]
tests/test_contract_preferences.py::test_new_result_with_preferences_honored_pct_parses PASSED [ 18%]
tests/test_leave_h3.py::test_h3_on_leave_employee_never_assigned_on_leave_date PASSED [ 22%]
tests/test_leave_h3.py::test_h3_only_qualified_employee_on_leave_is_infeasible PASSED [ 27%]
tests/test_preferences_objective.py::test_backward_compat_no_preferences_no_p_matches_baseline PASSED [ 31%]
tests/test_preferences_objective.py::test_backward_compat_p_zero_identical_to_p_absent PASSED [ 36%]
tests/test_preferences_objective.py::test_backward_compat_preferences_present_but_p_absent_is_inert PASSED [ 40%]
tests/test_preferences_objective.py::test_preference_ignored_without_weight_picks_cheaper_violator PASSED [ 45%]
tests/test_preferences_objective.py::test_preference_honored_with_high_weight_avoids_violation PASSED [ 50%]
tests/test_preferences_objective.py::test_preference_is_soft_slot_still_covered_when_honoring_impossible PASSED [ 54%]
tests/test_preferences_objective.py::test_preferred_shift_start_honored_with_high_weight PASSED [ 59%]
tests/test_preferences_objective.py::test_determinism_with_preference_weight PASSED [ 63%]
tests/test_solve.py::test_health PASSED                                  [ 68%]
tests/test_solve.py::test_solve_accepts_valid_problem_and_returns_schema_valid_result PASSED [ 72%]
tests/test_solve.py::test_solve_infeasible_reports_unmet_not_error PASSED [ 77%]
tests/test_solve.py::test_solve_rejects_malformed_problem PASSED         [ 81%]
tests/test_solver.py::test_g1_feasible_zero_hard_violations PASSED       [ 86%]
tests/test_solver.py::test_g2_metrics_populated PASSED                   [ 90%]
tests/test_solver.py::test_g3_determinism_optimal PASSED                 [ 95%]
tests/test_solver.py::test_g4_infeasible_reports_unmet PASSED            [100%]

=============================== warnings summary ===============================
<frozen importlib._bootstrap>:488
  <frozen importlib._bootstrap>:488: DeprecationWarning: Type google._upb._message.MessageMapContainer uses PyType_Spec with a metaclass that has custom tp_new. This is deprecated and will no longer be allowed in Python 3.14.

<frozen importlib._bootstrap>:488
  <frozen importlib._bootstrap>:488: DeprecationWarning: Type google._upb._message.ScalarMapContainer uses PyType_Spec with a metaclass that has custom tp_new. This is deprecated and will no longer be allowed in Python 3.14.

-- Docs: https://docs.pytest.org/en/stable/how-to/capture-warnings.html
======================== 22 passed, 2 warnings in 2.15s ========================
